d:\chili framework 2016\engine\x64\debug\game.obj
d:\chili framework 2016\engine\x64\debug\dxerr.obj
d:\chili framework 2016\engine\x64\debug\mainwindow.obj
d:\chili framework 2016\engine\x64\debug\keyboard.obj
d:\chili framework 2016\engine\x64\debug\main.obj
d:\chili framework 2016\engine\x64\debug\graphics.obj
d:\chili framework 2016\engine\x64\debug\mouse.obj
d:\chili framework 2016\engine\x64\debug\vc140.pdb
d:\chili framework 2016\engine\x64\debug\vc140.idb
d:\chili framework 2016\engine\framebufferps.shh
d:\chili framework 2016\engine\framebuffervs.shh
d:\chili framework 2016\x64\debug\engine.pdb
d:\chili framework 2016\x64\debug\engine.exe
d:\chili framework 2016\x64\debug\engine.ilk
d:\chili framework 2016\engine\x64\debug\engine.tlog\cl.command.1.tlog
d:\chili framework 2016\engine\x64\debug\engine.tlog\cl.read.1.tlog
d:\chili framework 2016\engine\x64\debug\engine.tlog\cl.write.1.tlog
d:\chili framework 2016\engine\x64\debug\engine.tlog\engine.write.1u.tlog
d:\chili framework 2016\engine\x64\debug\engine.tlog\fxc.command.1.tlog
d:\chili framework 2016\engine\x64\debug\engine.tlog\fxc.read.1.tlog
d:\chili framework 2016\engine\x64\debug\engine.tlog\fxc.write.1.tlog
d:\chili framework 2016\engine\x64\debug\engine.tlog\link.command.1.tlog
d:\chili framework 2016\engine\x64\debug\engine.tlog\link.read.1.tlog
d:\chili framework 2016\engine\x64\debug\engine.tlog\link.write.1.tlog
d:\chili framework 2016\engine\x64\debug\engine.tlog\rc.command.1.tlog
d:\chili framework 2016\engine\x64\debug\engine.tlog\rc.read.1.tlog
d:\chili framework 2016\engine\x64\debug\engine.tlog\rc.write.1.tlog
